[2024-03-13 17:41:12] local.ERROR: chdir(): No such file or directory (errno 2) {"exception":"[object] (ErrorException(code: 0): chdir(): No such file or directory (errno 2) at D:\\New folder (2)\\Bet\\vendor\\laravel\\framework\\src\\Illuminate\\Foundation\\Console\\ServeCommand.php:43)
[stacktrace]
#0 [internal function]: Illuminate\\Foundation\\Bootstrap\\HandleExceptions->handleError(2, 'chdir(): No suc...', 'D:\\\\New folder (...', 43)
#1 D:\\New folder (2)\\Bet\\vendor\\laravel\\framework\\src\\Illuminate\\Foundation\\Console\\ServeCommand.php(43): chdir('D:\\\\New folder (...')
#2 D:\\New folder (2)\\Bet\\vendor\\laravel\\framework\\src\\Illuminate\\Container\\BoundMethod.php(36): Illuminate\\Foundation\\Console\\ServeCommand->handle()
#3 D:\\New folder (2)\\Bet\\vendor\\laravel\\framework\\src\\Illuminate\\Container\\Util.php(40): Illuminate\\Container\\BoundMethod::Illuminate\\Container\\{closure}()
#4 D:\\New folder (2)\\Bet\\vendor\\laravel\\framework\\src\\Illuminate\\Container\\BoundMethod.php(93): Illuminate\\Container\\Util::unwrapIfClosure(Object(Closure))
#5 D:\\New folder (2)\\Bet\\vendor\\laravel\\framework\\src\\Illuminate\\Container\\BoundMethod.php(35): Illuminate\\Container\\BoundMethod::callBoundMethod(Object(Illuminate\\Foundation\\Application), Array, Object(Closure))
#6 D:\\New folder (2)\\Bet\\vendor\\laravel\\framework\\src\\Illuminate\\Container\\Container.php(653): Illuminate\\Container\\BoundMethod::call(Object(Illuminate\\Foundation\\Application), Array, Array, NULL)
#7 D:\\New folder (2)\\Bet\\vendor\\laravel\\framework\\src\\Illuminate\\Console\\Command.php(136): Illuminate\\Container\\Container->call(Array)
#8 D:\\New folder (2)\\Bet\\vendor\\symfony\\console\\Command\\Command.php(298): Illuminate\\Console\\Command->execute(Object(Symfony\\Component\\Console\\Input\\ArgvInput), Object(Illuminate\\Console\\OutputStyle))
#9 D:\\New folder (2)\\Bet\\vendor\\laravel\\framework\\src\\Illuminate\\Console\\Command.php(120): Symfony\\Component\\Console\\Command\\Command->run(Object(Symfony\\Component\\Console\\Input\\ArgvInput), Object(Illuminate\\Console\\OutputStyle))
#10 D:\\New folder (2)\\Bet\\vendor\\symfony\\console\\Application.php(1028): Illuminate\\Console\\Command->run(Object(Symfony\\Component\\Console\\Input\\ArgvInput), Object(Symfony\\Component\\Console\\Output\\ConsoleOutput))
#11 D:\\New folder (2)\\Bet\\vendor\\symfony\\console\\Application.php(299): Symfony\\Component\\Console\\Application->doRunCommand(Object(Illuminate\\Foundation\\Console\\ServeCommand), Object(Symfony\\Component\\Console\\Input\\ArgvInput), Object(Symfony\\Component\\Console\\Output\\ConsoleOutput))
#12 D:\\New folder (2)\\Bet\\vendor\\symfony\\console\\Application.php(171): Symfony\\Component\\Console\\Application->doRun(Object(Symfony\\Component\\Console\\Input\\ArgvInput), Object(Symfony\\Component\\Console\\Output\\ConsoleOutput))
#13 D:\\New folder (2)\\Bet\\vendor\\laravel\\framework\\src\\Illuminate\\Console\\Application.php(94): Symfony\\Component\\Console\\Application->run(Object(Symfony\\Component\\Console\\Input\\ArgvInput), Object(Symfony\\Component\\Console\\Output\\ConsoleOutput))
#14 D:\\New folder (2)\\Bet\\vendor\\laravel\\framework\\src\\Illuminate\\Foundation\\Console\\Kernel.php(129): Illuminate\\Console\\Application->run(Object(Symfony\\Component\\Console\\Input\\ArgvInput), Object(Symfony\\Component\\Console\\Output\\ConsoleOutput))
#15 D:\\New folder (2)\\Bet\\artisan(35): Illuminate\\Foundation\\Console\\Kernel->handle(Object(Symfony\\Component\\Console\\Input\\ArgvInput), Object(Symfony\\Component\\Console\\Output\\ConsoleOutput))
#16 {main}
"} 
[2024-03-13 17:41:12] local.ERROR: Uncaught Whoops\Exception\ErrorException: Using ${var} in strings is deprecated, use {$var} instead in D:\New folder (2)\Bet\vendor\facade\ignition\src\SolutionProviders\MergeConflictSolutionProvider.php:52
Stack trace:
#0 D:\New folder (2)\Bet\vendor\composer\ClassLoader.php(582): Whoops\Run->handleError(8192, 'Using ${var} in...', 'D:\\New folder (...', 52)
#1 D:\New folder (2)\Bet\vendor\composer\ClassLoader.php(582): include()
#2 D:\New folder (2)\Bet\vendor\composer\ClassLoader.php(433): Composer\Autoload\{closure}('D:\\New folder (...')
#3 [internal function]: Composer\Autoload\ClassLoader->loadClass('Facade\\Ignition...')
#4 D:\New folder (2)\Bet\vendor\facade\ignition\src\SolutionProviders\SolutionProviderRepository.php(50): class_implements('Facade\\Ignition...')
#5 [internal function]: Facade\Ignition\SolutionProviders\SolutionProviderRepository->Facade\Ignition\SolutionProviders\{closure}('Facade\\Ignition...', 10)
#6 D:\New folder (2)\Bet\vendor\laravel\framework\src\Illuminate\Collections\Arr.php(717): array_filter(Array, Object(Closure), 1)
#7 D:\New folder (2)\Bet\vendor\laravel\framework\src\Illuminate\Collections\Collection.php(358): Illuminate\Support\Arr::where(Array, Object(Closure))
#8 D:\New folder (2)\Bet\vendor\facade\ignition\src\SolutionProviders\SolutionProviderRepository.php(49): Illuminate\Support\Collection->filter(Object(Closure))
#9 D:\New folder (2)\Bet\vendor\nunomaduro\collision\src\Adapters\Laravel\IgnitionSolutionsRepository.php(36): Facade\Ignition\SolutionProviders\SolutionProviderRepository->getSolutionsForThrowable(Object(Whoops\Exception\ErrorException))
#10 D:\New folder (2)\Bet\vendor\nunomaduro\collision\src\Writer.php(244): NunoMaduro\Collision\Adapters\Laravel\IgnitionSolutionsRepository->getFromThrowable(Object(Whoops\Exception\ErrorException))
#11 D:\New folder (2)\Bet\vendor\nunomaduro\collision\src\Writer.php(123): NunoMaduro\Collision\Writer->renderSolution(Object(Whoops\Exception\Inspector))
#12 D:\New folder (2)\Bet\vendor\nunomaduro\collision\src\Handler.php(39): NunoMaduro\Collision\Writer->write(Object(Whoops\Exception\Inspector))
#13 D:\New folder (2)\Bet\vendor\filp\whoops\src\Whoops\Run.php(370): NunoMaduro\Collision\Handler->handle(Object(Whoops\Exception\ErrorException))
#14 [internal function]: Whoops\Run->handleException(Object(Whoops\Exception\ErrorException))
#15 {main}
  thrown {"exception":"[object] (Symfony\\Component\\ErrorHandler\\Error\\FatalError(code: 0): Uncaught Whoops\\Exception\\ErrorException: Using ${var} in strings is deprecated, use {$var} instead in D:\\New folder (2)\\Bet\\vendor\\facade\\ignition\\src\\SolutionProviders\\MergeConflictSolutionProvider.php:52
Stack trace:
#0 D:\\New folder (2)\\Bet\\vendor\\composer\\ClassLoader.php(582): Whoops\\Run->handleError(8192, 'Using ${var} in...', 'D:\\\\New folder (...', 52)
#1 D:\\New folder (2)\\Bet\\vendor\\composer\\ClassLoader.php(582): include()
#2 D:\\New folder (2)\\Bet\\vendor\\composer\\ClassLoader.php(433): Composer\\Autoload\\{closure}('D:\\\\New folder (...')
#3 [internal function]: Composer\\Autoload\\ClassLoader->loadClass('Facade\\\\Ignition...')
#4 D:\\New folder (2)\\Bet\\vendor\\facade\\ignition\\src\\SolutionProviders\\SolutionProviderRepository.php(50): class_implements('Facade\\\\Ignition...')
#5 [internal function]: Facade\\Ignition\\SolutionProviders\\SolutionProviderRepository->Facade\\Ignition\\SolutionProviders\\{closure}('Facade\\\\Ignition...', 10)
#6 D:\\New folder (2)\\Bet\\vendor\\laravel\\framework\\src\\Illuminate\\Collections\\Arr.php(717): array_filter(Array, Object(Closure), 1)
#7 D:\\New folder (2)\\Bet\\vendor\\laravel\\framework\\src\\Illuminate\\Collections\\Collection.php(358): Illuminate\\Support\\Arr::where(Array, Object(Closure))
#8 D:\\New folder (2)\\Bet\\vendor\\facade\\ignition\\src\\SolutionProviders\\SolutionProviderRepository.php(49): Illuminate\\Support\\Collection->filter(Object(Closure))
#9 D:\\New folder (2)\\Bet\\vendor\\nunomaduro\\collision\\src\\Adapters\\Laravel\\IgnitionSolutionsRepository.php(36): Facade\\Ignition\\SolutionProviders\\SolutionProviderRepository->getSolutionsForThrowable(Object(Whoops\\Exception\\ErrorException))
#10 D:\\New folder (2)\\Bet\\vendor\\nunomaduro\\collision\\src\\Writer.php(244): NunoMaduro\\Collision\\Adapters\\Laravel\\IgnitionSolutionsRepository->getFromThrowable(Object(Whoops\\Exception\\ErrorException))
#11 D:\\New folder (2)\\Bet\\vendor\\nunomaduro\\collision\\src\\Writer.php(123): NunoMaduro\\Collision\\Writer->renderSolution(Object(Whoops\\Exception\\Inspector))
#12 D:\\New folder (2)\\Bet\\vendor\\nunomaduro\\collision\\src\\Handler.php(39): NunoMaduro\\Collision\\Writer->write(Object(Whoops\\Exception\\Inspector))
#13 D:\\New folder (2)\\Bet\\vendor\\filp\\whoops\\src\\Whoops\\Run.php(370): NunoMaduro\\Collision\\Handler->handle(Object(Whoops\\Exception\\ErrorException))
#14 [internal function]: Whoops\\Run->handleException(Object(Whoops\\Exception\\ErrorException))
#15 {main}
  thrown at D:\\New folder (2)\\Bet\\vendor\\facade\\ignition\\src\\SolutionProviders\\MergeConflictSolutionProvider.php:52)
[stacktrace]
#0 {main}
"} 
[2024-03-13 17:44:36] local.ERROR: chdir(): No such file or directory (errno 2) {"exception":"[object] (ErrorException(code: 0): chdir(): No such file or directory (errno 2) at D:\\New folder (2)\\Bet\\vendor\\laravel\\framework\\src\\Illuminate\\Foundation\\Console\\ServeCommand.php:43)
[stacktrace]
#0 [internal function]: Illuminate\\Foundation\\Bootstrap\\HandleExceptions->handleError(2, 'chdir(): No suc...', 'D:\\\\New folder (...', 43)
#1 D:\\New folder (2)\\Bet\\vendor\\laravel\\framework\\src\\Illuminate\\Foundation\\Console\\ServeCommand.php(43): chdir('D:\\\\New folder (...')
#2 D:\\New folder (2)\\Bet\\vendor\\laravel\\framework\\src\\Illuminate\\Container\\BoundMethod.php(36): Illuminate\\Foundation\\Console\\ServeCommand->handle()
#3 D:\\New folder (2)\\Bet\\vendor\\laravel\\framework\\src\\Illuminate\\Container\\Util.php(40): Illuminate\\Container\\BoundMethod::Illuminate\\Container\\{closure}()
#4 D:\\New folder (2)\\Bet\\vendor\\laravel\\framework\\src\\Illuminate\\Container\\BoundMethod.php(93): Illuminate\\Container\\Util::unwrapIfClosure(Object(Closure))
#5 D:\\New folder (2)\\Bet\\vendor\\laravel\\framework\\src\\Illuminate\\Container\\BoundMethod.php(35): Illuminate\\Container\\BoundMethod::callBoundMethod(Object(Illuminate\\Foundation\\Application), Array, Object(Closure))
#6 D:\\New folder (2)\\Bet\\vendor\\laravel\\framework\\src\\Illuminate\\Container\\Container.php(653): Illuminate\\Container\\BoundMethod::call(Object(Illuminate\\Foundation\\Application), Array, Array, NULL)
#7 D:\\New folder (2)\\Bet\\vendor\\laravel\\framework\\src\\Illuminate\\Console\\Command.php(136): Illuminate\\Container\\Container->call(Array)
#8 D:\\New folder (2)\\Bet\\vendor\\symfony\\console\\Command\\Command.php(298): Illuminate\\Console\\Command->execute(Object(Symfony\\Component\\Console\\Input\\ArgvInput), Object(Illuminate\\Console\\OutputStyle))
#9 D:\\New folder (2)\\Bet\\vendor\\laravel\\framework\\src\\Illuminate\\Console\\Command.php(120): Symfony\\Component\\Console\\Command\\Command->run(Object(Symfony\\Component\\Console\\Input\\ArgvInput), Object(Illuminate\\Console\\OutputStyle))
#10 D:\\New folder (2)\\Bet\\vendor\\symfony\\console\\Application.php(1028): Illuminate\\Console\\Command->run(Object(Symfony\\Component\\Console\\Input\\ArgvInput), Object(Symfony\\Component\\Console\\Output\\ConsoleOutput))
#11 D:\\New folder (2)\\Bet\\vendor\\symfony\\console\\Application.php(299): Symfony\\Component\\Console\\Application->doRunCommand(Object(Illuminate\\Foundation\\Console\\ServeCommand), Object(Symfony\\Component\\Console\\Input\\ArgvInput), Object(Symfony\\Component\\Console\\Output\\ConsoleOutput))
#12 D:\\New folder (2)\\Bet\\vendor\\symfony\\console\\Application.php(171): Symfony\\Component\\Console\\Application->doRun(Object(Symfony\\Component\\Console\\Input\\ArgvInput), Object(Symfony\\Component\\Console\\Output\\ConsoleOutput))
#13 D:\\New folder (2)\\Bet\\vendor\\laravel\\framework\\src\\Illuminate\\Console\\Application.php(94): Symfony\\Component\\Console\\Application->run(Object(Symfony\\Component\\Console\\Input\\ArgvInput), Object(Symfony\\Component\\Console\\Output\\ConsoleOutput))
#14 D:\\New folder (2)\\Bet\\vendor\\laravel\\framework\\src\\Illuminate\\Foundation\\Console\\Kernel.php(129): Illuminate\\Console\\Application->run(Object(Symfony\\Component\\Console\\Input\\ArgvInput), Object(Symfony\\Component\\Console\\Output\\ConsoleOutput))
#15 D:\\New folder (2)\\Bet\\artisan(35): Illuminate\\Foundation\\Console\\Kernel->handle(Object(Symfony\\Component\\Console\\Input\\ArgvInput), Object(Symfony\\Component\\Console\\Output\\ConsoleOutput))
#16 {main}
"} 
[2024-03-13 17:44:36] local.ERROR: Uncaught Whoops\Exception\ErrorException: Using ${var} in strings is deprecated, use {$var} instead in D:\New folder (2)\Bet\vendor\facade\ignition\src\SolutionProviders\MergeConflictSolutionProvider.php:52
Stack trace:
#0 D:\New folder (2)\Bet\vendor\composer\ClassLoader.php(582): Whoops\Run->handleError(8192, 'Using ${var} in...', 'D:\\New folder (...', 52)
#1 D:\New folder (2)\Bet\vendor\composer\ClassLoader.php(582): include()
#2 D:\New folder (2)\Bet\vendor\composer\ClassLoader.php(433): Composer\Autoload\{closure}('D:\\New folder (...')
#3 [internal function]: Composer\Autoload\ClassLoader->loadClass('Facade\\Ignition...')
#4 D:\New folder (2)\Bet\vendor\facade\ignition\src\SolutionProviders\SolutionProviderRepository.php(50): class_implements('Facade\\Ignition...')
#5 [internal function]: Facade\Ignition\SolutionProviders\SolutionProviderRepository->Facade\Ignition\SolutionProviders\{closure}('Facade\\Ignition...', 10)
#6 D:\New folder (2)\Bet\vendor\laravel\framework\src\Illuminate\Collections\Arr.php(717): array_filter(Array, Object(Closure), 1)
#7 D:\New folder (2)\Bet\vendor\laravel\framework\src\Illuminate\Collections\Collection.php(358): Illuminate\Support\Arr::where(Array, Object(Closure))
#8 D:\New folder (2)\Bet\vendor\facade\ignition\src\SolutionProviders\SolutionProviderRepository.php(49): Illuminate\Support\Collection->filter(Object(Closure))
#9 D:\New folder (2)\Bet\vendor\nunomaduro\collision\src\Adapters\Laravel\IgnitionSolutionsRepository.php(36): Facade\Ignition\SolutionProviders\SolutionProviderRepository->getSolutionsForThrowable(Object(Whoops\Exception\ErrorException))
#10 D:\New folder (2)\Bet\vendor\nunomaduro\collision\src\Writer.php(244): NunoMaduro\Collision\Adapters\Laravel\IgnitionSolutionsRepository->getFromThrowable(Object(Whoops\Exception\ErrorException))
#11 D:\New folder (2)\Bet\vendor\nunomaduro\collision\src\Writer.php(123): NunoMaduro\Collision\Writer->renderSolution(Object(Whoops\Exception\Inspector))
#12 D:\New folder (2)\Bet\vendor\nunomaduro\collision\src\Handler.php(39): NunoMaduro\Collision\Writer->write(Object(Whoops\Exception\Inspector))
#13 D:\New folder (2)\Bet\vendor\filp\whoops\src\Whoops\Run.php(370): NunoMaduro\Collision\Handler->handle(Object(Whoops\Exception\ErrorException))
#14 [internal function]: Whoops\Run->handleException(Object(Whoops\Exception\ErrorException))
#15 {main}
  thrown {"exception":"[object] (Symfony\\Component\\ErrorHandler\\Error\\FatalError(code: 0): Uncaught Whoops\\Exception\\ErrorException: Using ${var} in strings is deprecated, use {$var} instead in D:\\New folder (2)\\Bet\\vendor\\facade\\ignition\\src\\SolutionProviders\\MergeConflictSolutionProvider.php:52
Stack trace:
#0 D:\\New folder (2)\\Bet\\vendor\\composer\\ClassLoader.php(582): Whoops\\Run->handleError(8192, 'Using ${var} in...', 'D:\\\\New folder (...', 52)
#1 D:\\New folder (2)\\Bet\\vendor\\composer\\ClassLoader.php(582): include()
#2 D:\\New folder (2)\\Bet\\vendor\\composer\\ClassLoader.php(433): Composer\\Autoload\\{closure}('D:\\\\New folder (...')
#3 [internal function]: Composer\\Autoload\\ClassLoader->loadClass('Facade\\\\Ignition...')
#4 D:\\New folder (2)\\Bet\\vendor\\facade\\ignition\\src\\SolutionProviders\\SolutionProviderRepository.php(50): class_implements('Facade\\\\Ignition...')
#5 [internal function]: Facade\\Ignition\\SolutionProviders\\SolutionProviderRepository->Facade\\Ignition\\SolutionProviders\\{closure}('Facade\\\\Ignition...', 10)
#6 D:\\New folder (2)\\Bet\\vendor\\laravel\\framework\\src\\Illuminate\\Collections\\Arr.php(717): array_filter(Array, Object(Closure), 1)
#7 D:\\New folder (2)\\Bet\\vendor\\laravel\\framework\\src\\Illuminate\\Collections\\Collection.php(358): Illuminate\\Support\\Arr::where(Array, Object(Closure))
#8 D:\\New folder (2)\\Bet\\vendor\\facade\\ignition\\src\\SolutionProviders\\SolutionProviderRepository.php(49): Illuminate\\Support\\Collection->filter(Object(Closure))
#9 D:\\New folder (2)\\Bet\\vendor\\nunomaduro\\collision\\src\\Adapters\\Laravel\\IgnitionSolutionsRepository.php(36): Facade\\Ignition\\SolutionProviders\\SolutionProviderRepository->getSolutionsForThrowable(Object(Whoops\\Exception\\ErrorException))
#10 D:\\New folder (2)\\Bet\\vendor\\nunomaduro\\collision\\src\\Writer.php(244): NunoMaduro\\Collision\\Adapters\\Laravel\\IgnitionSolutionsRepository->getFromThrowable(Object(Whoops\\Exception\\ErrorException))
#11 D:\\New folder (2)\\Bet\\vendor\\nunomaduro\\collision\\src\\Writer.php(123): NunoMaduro\\Collision\\Writer->renderSolution(Object(Whoops\\Exception\\Inspector))
#12 D:\\New folder (2)\\Bet\\vendor\\nunomaduro\\collision\\src\\Handler.php(39): NunoMaduro\\Collision\\Writer->write(Object(Whoops\\Exception\\Inspector))
#13 D:\\New folder (2)\\Bet\\vendor\\filp\\whoops\\src\\Whoops\\Run.php(370): NunoMaduro\\Collision\\Handler->handle(Object(Whoops\\Exception\\ErrorException))
#14 [internal function]: Whoops\\Run->handleException(Object(Whoops\\Exception\\ErrorException))
#15 {main}
  thrown at D:\\New folder (2)\\Bet\\vendor\\facade\\ignition\\src\\SolutionProviders\\MergeConflictSolutionProvider.php:52)
[stacktrace]
#0 {main}
"} 
